<?xml version="1.0" encoding="UTF-8"?>
<!-- Generated by org.testng.reporters.JUnitReportReporter -->
<testsuite hostname="PANKAJ21" failures="0" tests="2" name="kitePomTestNG.testClassNG" time="10.622" errors="0" timestamp="2022-03-30T17:18:07 IST" skipped="0">
  <testcase classname="kitePomTestNG.testClassNG" name="validateuserID" time="6.352"/>
  <system-out>
    <![CDATA[Validating UserID
UserID Validate Sucssefully TC is Pass]]>
  </system-out>
  <testcase classname="kitePomTestNG.testClassNG" name="validateuserID" time="4.270"/>
  <system-out>
    <![CDATA[Validating UserID
UserID Validate Sucssefully TC is Pass]]>
  </system-out>
</testsuite> <!-- kitePomTestNG.testClassNG -->
