<?xml version="1.0" encoding="UTF-8"?>
<!-- Generated by org.testng.reporters.JUnitReportReporter -->
<testsuite hostname="PANKAJ21" failures="0" tests="4" name="testNG.NG1" time="0.029" errors="0" timestamp="2022-03-21T13:48:23 IST" skipped="0">
  <testcase classname="testNG.NG1" name="MyMethod1" time="0.017"/>
  <system-out>
    <![CDATA[Pankaj]]>
  </system-out>
  <testcase classname="testNG.NG1" name="MyMethod4" time="0.002"/>
  <system-out/>
  <testcase classname="testNG.NG1" name="MyMethod2" time="0.004"/>
  <system-out/>
  <testcase classname="testNG.NG1" name="MyMethod3" time="0.006"/>
  <system-out/>
</testsuite> <!-- testNG.NG1 -->
