<?xml version="1.0" encoding="UTF-8"?>
<!-- Generated by org.testng.reporters.JUnitReportReporter -->
<testsuite hostname="PANKAJ21" failures="0" tests="2" name="assertTestNG.CrossBrowserTest2" time="27.005" errors="0" timestamp="2022-03-24T18:50:06 IST" skipped="0">
  <testcase classname="assertTestNG.CrossBrowserTest2" name="CrossBrowser" time="16.633"/>
  <system-out/>
  <testcase classname="assertTestNG.CrossBrowserTest2" name="CrossBrowser" time="10.372"/>
  <system-out/>
</testsuite> <!-- assertTestNG.CrossBrowserTest2 -->
