<?xml version="1.0" encoding="UTF-8"?>
<!-- Generated by org.testng.reporters.JUnitReportReporter -->
<testsuite hostname="PANKAJ21" failures="0" tests="2" name="testSuiteNG.SingleClass" time="0.004" errors="0" timestamp="2022-03-22T22:29:31 IST" skipped="0">
  <testcase classname="testSuiteNG.SingleClass" name="TC3" time="0.001"/>
  <system-out>
    <![CDATA[Running TC3 ]]>
  </system-out>
  <testcase classname="testSuiteNG.SingleClass" name="TC4" time="0.003"/>
  <system-out>
    <![CDATA[Running TC4 ]]>
  </system-out>
</testsuite> <!-- testSuiteNG.SingleClass -->
