<?xml version="1.0" encoding="UTF-8"?>
<!-- Generated by org.testng.reporters.JUnitReportReporter -->
<testsuite hostname="PANKAJ21" failures="0" tests="2" name="groupTestNG.GroupNG2" time="0.029" errors="0" timestamp="2022-03-23T15:35:58 IST" skipped="0">
  <testcase classname="groupTestNG.GroupNG2" name="TC7" time="0.002"/>
  <system-out>
    <![CDATA[Running TC7 ]]>
  </system-out>
  <testcase classname="groupTestNG.GroupNG2" name="TC9" time="0.027"/>
  <system-out>
    <![CDATA[Running TC9 ]]>
  </system-out>
</testsuite> <!-- groupTestNG.GroupNG2 -->
