<?xml version="1.0" encoding="UTF-8"?>
<!-- Generated by org.testng.reporters.JUnitReportReporter -->
<testsuite hostname="PANKAJ21" failures="0" tests="2" name="groupTestNG.FailXMLNG" time="0.088" errors="0" timestamp="2022-03-23T16:04:21 IST" skipped="0">
  <testcase classname="groupTestNG.FailXMLNG" name="TC2" time="0.018"/>
  <system-out>
    <![CDATA[Running TC2 ]]>
  </system-out>
  <testcase classname="groupTestNG.FailXMLNG" name="TC1" time="0.070"/>
  <system-out>
    <![CDATA[Running TC1 ]]>
  </system-out>
</testsuite> <!-- groupTestNG.FailXMLNG -->
