<?xml version="1.0" encoding="UTF-8"?>
<!-- Generated by org.testng.reporters.JUnitReportReporter -->
<testsuite hostname="PANKAJ21" failures="0" tests="1" name="serialandparallelNG.SerialNG3" time="5.565" errors="0" timestamp="2022-03-23T16:25:50 IST" skipped="0">
  <testcase classname="serialandparallelNG.SerialNG3" name="MyMethode2" time="5.565"/>
  <system-out>
    <![CDATA[www.w3schools.com]]>
  </system-out>
</testsuite> <!-- serialandparallelNG.SerialNG3 -->
