<?xml version="1.0" encoding="UTF-8"?>
<!-- Generated by org.testng.reporters.JUnitReportReporter -->
<testsuite hostname="PANKAJ21" failures="0" tests="1" name="serialandparallelNG.SerialNG2" time="11.164" errors="0" timestamp="2022-03-23T16:25:50 IST" skipped="0">
  <testcase classname="serialandparallelNG.SerialNG2" name="MyMethode1" time="11.164"/>
  <system-out>
    <![CDATA[www.vctcpune.com]]>
  </system-out>
</testsuite> <!-- serialandparallelNG.SerialNG2 -->
