<?xml version="1.0" encoding="UTF-8"?>
<!-- Generated by org.testng.reporters.JUnitReportReporter -->
<testsuite hostname="PANKAJ21" failures="0" tests="1" name="testNG.AnnotationStudy1" time="0.004" errors="0" timestamp="2022-03-22T22:29:31 IST" skipped="0">
  <testcase classname="testNG.AnnotationStudy1" name="a" time="0.004"/>
  <system-out>
    <![CDATA[Running a method]]>
  </system-out>
</testsuite> <!-- testNG.AnnotationStudy1 -->
