<?xml version="1.0" encoding="UTF-8"?>
<!-- Generated by org.testng.reporters.JUnitReportReporter -->
<testsuite hostname="PANKAJ21" failures="0" tests="1" name="assertTestNG.AssertFailNG" time="0.017" errors="0" timestamp="2022-03-24T16:05:02 IST" skipped="0">
  <testcase classname="assertTestNG.AssertFailNG" name="FailNG" time="0.017"/>
  <system-out>
    <![CDATA[Assert fail check
FailNG is running]]>
  </system-out>
</testsuite> <!-- assertTestNG.AssertFailNG -->
