<?xml version="1.0" encoding="UTF-8"?>
<!-- Generated by org.testng.reporters.JUnitReportReporter -->
<testsuite hostname="PANKAJ21" failures="0" tests="1" name="serialandparallelNG.SerialNG1" time="8.600" errors="0" timestamp="2022-03-23T16:25:50 IST" skipped="0">
  <testcase classname="serialandparallelNG.SerialNG1" name="MyMethode" time="8.600"/>
  <system-out>
    <![CDATA[www.facebook.com]]>
  </system-out>
</testsuite> <!-- serialandparallelNG.SerialNG1 -->
