<?xml version="1.0" encoding="UTF-8"?>
<!-- Generated by org.testng.reporters.JUnitReportReporter -->
<testsuite hostname="PANKAJ21" failures="0" tests="2" name="testSuiteNG.DoubleClass" time="0.019" errors="0" timestamp="2022-03-22T22:29:31 IST" skipped="0">
  <testcase classname="testSuiteNG.DoubleClass" name="TC8" time="0.003"/>
  <system-out>
    <![CDATA[Running TC8 ]]>
  </system-out>
  <testcase classname="testSuiteNG.DoubleClass" name="TC7" time="0.016"/>
  <system-out>
    <![CDATA[Running TC7 ]]>
  </system-out>
</testsuite> <!-- testSuiteNG.DoubleClass -->
