<?xml version="1.0" encoding="UTF-8"?>
<!-- Generated by org.testng.reporters.JUnitReportReporter -->
<testsuite hostname="PANKAJ21" failures="0" tests="1" name="assertTestNG.AssertFailseNG" time="0.019" errors="0" timestamp="2022-03-23T17:13:42 IST" skipped="0">
  <testcase classname="assertTestNG.AssertFailseNG" name="AssertFails" time="0.019"/>
  <system-out/>
</testsuite> <!-- assertTestNG.AssertFailseNG -->
