<?xml version="1.0" encoding="UTF-8"?>
<!-- Generated by org.testng.reporters.JUnitReportReporter -->
<testsuite hostname="PANKAJ21" failures="0" tests="2" name="testNGKeywords.IncovationCount" time="0.019" errors="0" timestamp="2022-03-21T15:38:39 IST" skipped="0">
  <testcase classname="testNGKeywords.IncovationCount" name="a" time="0.002"/>
  <system-out>
    <![CDATA[Running a method]]>
  </system-out>
  <testcase classname="testNGKeywords.IncovationCount" name="a" time="0.017"/>
  <system-out>
    <![CDATA[Running a method]]>
  </system-out>
</testsuite> <!-- testNGKeywords.IncovationCount -->
