<?xml version="1.0" encoding="UTF-8"?>
<!-- Generated by org.testng.reporters.JUnitReportReporter -->
<testsuite hostname="PANKAJ21" failures="0" tests="3" name="testNGKeywords.DependesOnMethod" time="0.018" errors="0" timestamp="2022-03-21T15:41:47 IST" skipped="0">
  <testcase classname="testNGKeywords.DependesOnMethod" name="b" time="0.014"/>
  <system-out>
    <![CDATA[Running b method]]>
  </system-out>
  <testcase classname="testNGKeywords.DependesOnMethod" name="c" time="0.002"/>
  <system-out>
    <![CDATA[Running c method]]>
  </system-out>
  <testcase classname="testNGKeywords.DependesOnMethod" name="a" time="0.002"/>
  <system-out>
    <![CDATA[Running a method]]>
  </system-out>
</testsuite> <!-- testNGKeywords.DependesOnMethod -->
