<?xml version="1.0" encoding="UTF-8"?>
<!-- Generated by org.testng.reporters.JUnitReportReporter -->
<testsuite hostname="PANKAJ21" failures="0" tests="1" name="kiteAppTestClassesADV.kiteuserIDErrorMSGValidation" time="2.082" errors="0" timestamp="2022-03-31T17:12:32 IST" skipped="0">
  <testcase classname="kiteAppTestClassesADV.kiteuserIDErrorMSGValidation" name="validateuserIDErrorMsg" time="2.082"/>
  <system-out>
    <![CDATA[Screenshoot taken form TC 7]]>
  </system-out>
</testsuite> <!-- kiteAppTestClassesADV.kiteuserIDErrorMSGValidation -->
