<?xml version="1.0" encoding="UTF-8"?>
<!-- Generated by org.testng.reporters.JUnitReportReporter -->
<testsuite hostname="PANKAJ21" failures="0" tests="1" name="kiteAppTestClassesADV.KitepasswordIDErrorMSGValidation" time="2.166" errors="0" timestamp="2022-03-31T18:30:31 IST" skipped="0">
  <testcase classname="kiteAppTestClassesADV.KitepasswordIDErrorMSGValidation" name="validatepasswordIDErrorMsg" time="2.166"/>
  <system-out>
    <![CDATA[Screenshoot taken form TC 8]]>
  </system-out>
</testsuite> <!-- kiteAppTestClassesADV.KitepasswordIDErrorMSGValidation -->
