<?xml version="1.0" encoding="UTF-8"?>
<!-- Generated by org.testng.reporters.JUnitReportReporter -->
<testsuite hostname="PANKAJ21" failures="0" tests="1" name="assertTestNG.AssertNotEqualsNG" time="0.018" errors="0" timestamp="2022-03-23T17:04:14 IST" skipped="0">
  <testcase classname="assertTestNG.AssertNotEqualsNG" name="AssertNotEquals" time="0.018"/>
  <system-out/>
</testsuite> <!-- assertTestNG.AssertNotEqualsNG -->
