<?xml version="1.0" encoding="UTF-8"?>
<!-- Generated by org.testng.reporters.JUnitReportReporter -->
<testsuite hostname="PANKAJ21" failures="0" tests="1" name="assertTestNG.FireFoxTest" time="13.096" errors="0" timestamp="2022-03-24T17:20:52 IST" skipped="0">
  <testcase classname="assertTestNG.FireFoxTest" name="FireFox" time="13.096"/>
  <system-out/>
</testsuite> <!-- assertTestNG.FireFoxTest -->
