<?xml version="1.0" encoding="UTF-8"?>
<!-- Generated by org.testng.reporters.JUnitReportReporter -->
<testsuite hostname="PANKAJ21" failures="0" tests="2" name="testNG.AnnotationStudy" time="0.013" errors="0" timestamp="2022-03-21T14:31:14 IST" skipped="0">
  <testcase classname="testNG.AnnotationStudy" name="sampletest" time="0.009"/>
  <system-out>
    <![CDATA[ sample test]]>
  </system-out>
  <testcase classname="testNG.AnnotationStudy" name="validateuserID" time="0.004"/>
  <system-out>
    <![CDATA[Validate user ID]]>
  </system-out>
</testsuite> <!-- testNG.AnnotationStudy -->
