<?xml version="1.0" encoding="UTF-8"?>
<!-- Generated by org.testng.reporters.JUnitReportReporter -->
<testsuite hostname="PANKAJ21" failures="0" tests="3" name="testNGKeywords.PriorityStudy" time="0.023" errors="0" timestamp="2022-03-21T14:45:25 IST" skipped="0">
  <testcase classname="testNGKeywords.PriorityStudy" name="b" time="0.017"/>
  <system-out>
    <![CDATA[Running b method]]>
  </system-out>
  <testcase classname="testNGKeywords.PriorityStudy" name="c" time="0.002"/>
  <system-out>
    <![CDATA[Running c method]]>
  </system-out>
  <testcase classname="testNGKeywords.PriorityStudy" name="a" time="0.004"/>
  <system-out>
    <![CDATA[Running a method]]>
  </system-out>
</testsuite> <!-- testNGKeywords.PriorityStudy -->
