<?xml version="1.0" encoding="UTF-8"?>
<!-- Generated by org.testng.reporters.JUnitReportReporter -->
<testsuite hostname="PANKAJ21" failures="0" tests="2" name="groupTestNG.GroupNG1" time="0.031" errors="0" timestamp="2022-03-23T15:35:58 IST" skipped="0">
  <testcase classname="groupTestNG.GroupNG1" name="TC5" time="0.003"/>
  <system-out>
    <![CDATA[Running TC5 ]]>
  </system-out>
  <testcase classname="groupTestNG.GroupNG1" name="TC2" time="0.028"/>
  <system-out>
    <![CDATA[Running TC2 ]]>
  </system-out>
</testsuite> <!-- groupTestNG.GroupNG1 -->
